TN:
SF:/Users/sidneysousa/exemplo-testes-js/src/js/controllers/ContatoController.js
FN:5,(anonymous_0)
FN:9,(anonymous_1)
FN:15,(anonymous_2)
FN:16,(anonymous_3)
FN:20,(anonymous_4)
FNF:5
FNH:5
FNDA:3,(anonymous_0)
FNDA:7,(anonymous_1)
FNDA:1,(anonymous_2)
FNDA:3,(anonymous_3)
FNDA:1,(anonymous_4)
DA:6,3
DA:10,7
DA:11,7
DA:12,7
DA:16,3
DA:17,1
DA:21,1
LF:7
LH:7
BRF:0
BRH:0
end_of_record
TN:
SF:/Users/sidneysousa/exemplo-testes-js/src/js/models/Contato.js
FN:2,(anonymous_0)
FN:9,(anonymous_1)
FNF:2
FNH:2
FNDA:11,(anonymous_0)
FNDA:11,(anonymous_1)
DA:3,11
DA:4,11
DA:5,11
DA:6,11
DA:10,11
DA:11,11
DA:12,11
DA:13,11
DA:14,176
DA:16,11
LF:10
LH:10
BRF:0
BRH:0
end_of_record
